This is pdfTeX, Version 3.14159265-2.6-1.40.20 (TeX Live 2019) (preloaded format=pdflatex 2019.9.5)  6 AUG 2020 22:36
entering extended mode
 restricted \write18 enabled.
 %&-line parsing enabled.
**Articulo.tex
(./Articulo.tex
LaTeX2e <2018-12-01>
(/usr/local/texlive/2019/texmf-dist/tex/latex/IEEEtran/IEEEtran.cls
Document Class: IEEEtran 2015/08/26 V1.8b by Michael Shell
-- See the "IEEEtran_HOWTO" manual for usage information.
-- http://www.michaelshell.org/tex/ieeetran/
\@IEEEtrantmpdimenA=\dimen102
\@IEEEtrantmpdimenB=\dimen103
\@IEEEtrantmpdimenC=\dimen104
\@IEEEtrantmpcountA=\count80
\@IEEEtrantmpcountB=\count81
\@IEEEtrantmpcountC=\count82
\@IEEEtrantmptoksA=\toks14
LaTeX Font Info:    Try loading font information for OT1+ptm on input line 503.

(/usr/local/texlive/2019/texmf-dist/tex/latex/psnfss/ot1ptm.fd
File: ot1ptm.fd 2001/06/04 font definitions for OT1/ptm.
)
-- Using 8.5in x 11in (letter) paper.
-- Using PDF output.
\@IEEEnormalsizeunitybaselineskip=\dimen105
-- This is a 10 point document.
\CLASSINFOnormalsizebaselineskip=\dimen106
\CLASSINFOnormalsizeunitybaselineskip=\dimen107
\IEEEnormaljot=\dimen108
LaTeX Font Info:    Font shape `OT1/ptm/bx/n' in size <5> not available
(Font)              Font shape `OT1/ptm/b/n' tried instead on input line 1090.
LaTeX Font Info:    Font shape `OT1/ptm/bx/it' in size <5> not available
(Font)              Font shape `OT1/ptm/b/it' tried instead on input line 1090.

LaTeX Font Info:    Font shape `OT1/ptm/bx/n' in size <7> not available
(Font)              Font shape `OT1/ptm/b/n' tried instead on input line 1090.
LaTeX Font Info:    Font shape `OT1/ptm/bx/it' in size <7> not available
(Font)              Font shape `OT1/ptm/b/it' tried instead on input line 1090.

LaTeX Font Info:    Font shape `OT1/ptm/bx/n' in size <8> not available
(Font)              Font shape `OT1/ptm/b/n' tried instead on input line 1090.
LaTeX Font Info:    Font shape `OT1/ptm/bx/it' in size <8> not available
(Font)              Font shape `OT1/ptm/b/it' tried instead on input line 1090.

LaTeX Font Info:    Font shape `OT1/ptm/bx/n' in size <9> not available
(Font)              Font shape `OT1/ptm/b/n' tried instead on input line 1090.
LaTeX Font Info:    Font shape `OT1/ptm/bx/it' in size <9> not available
(Font)              Font shape `OT1/ptm/b/it' tried instead on input line 1090.

LaTeX Font Info:    Font shape `OT1/ptm/bx/n' in size <10> not available
(Font)              Font shape `OT1/ptm/b/n' tried instead on input line 1090.
LaTeX Font Info:    Font shape `OT1/ptm/bx/it' in size <10> not available
(Font)              Font shape `OT1/ptm/b/it' tried instead on input line 1090.

LaTeX Font Info:    Font shape `OT1/ptm/bx/n' in size <11> not available
(Font)              Font shape `OT1/ptm/b/n' tried instead on input line 1090.
LaTeX Font Info:    Font shape `OT1/ptm/bx/it' in size <11> not available
(Font)              Font shape `OT1/ptm/b/it' tried instead on input line 1090.

LaTeX Font Info:    Font shape `OT1/ptm/bx/n' in size <12> not available
(Font)              Font shape `OT1/ptm/b/n' tried instead on input line 1090.
LaTeX Font Info:    Font shape `OT1/ptm/bx/it' in size <12> not available
(Font)              Font shape `OT1/ptm/b/it' tried instead on input line 1090.

LaTeX Font Info:    Font shape `OT1/ptm/bx/n' in size <17> not available
(Font)              Font shape `OT1/ptm/b/n' tried instead on input line 1090.
LaTeX Font Info:    Font shape `OT1/ptm/bx/it' in size <17> not available
(Font)              Font shape `OT1/ptm/b/it' tried instead on input line 1090.

LaTeX Font Info:    Font shape `OT1/ptm/bx/n' in size <20> not available
(Font)              Font shape `OT1/ptm/b/n' tried instead on input line 1090.
LaTeX Font Info:    Font shape `OT1/ptm/bx/it' in size <20> not available
(Font)              Font shape `OT1/ptm/b/it' tried instead on input line 1090.

LaTeX Font Info:    Font shape `OT1/ptm/bx/n' in size <24> not available
(Font)              Font shape `OT1/ptm/b/n' tried instead on input line 1090.
LaTeX Font Info:    Font shape `OT1/ptm/bx/it' in size <24> not available
(Font)              Font shape `OT1/ptm/b/it' tried instead on input line 1090.

\IEEEquantizedlength=\dimen109
\IEEEquantizedlengthdiff=\dimen110
\IEEEquantizedtextheightdiff=\dimen111
\IEEEilabelindentA=\dimen112
\IEEEilabelindentB=\dimen113
\IEEEilabelindent=\dimen114
\IEEEelabelindent=\dimen115
\IEEEdlabelindent=\dimen116
\IEEElabelindent=\dimen117
\IEEEiednormlabelsep=\dimen118
\IEEEiedmathlabelsep=\dimen119
\IEEEiedtopsep=\skip41
\c@section=\count83
\c@subsection=\count84
\c@subsubsection=\count85
\c@paragraph=\count86
\c@IEEEsubequation=\count87
\abovecaptionskip=\skip42
\belowcaptionskip=\skip43
\c@figure=\count88
\c@table=\count89
\@IEEEeqnnumcols=\count90
\@IEEEeqncolcnt=\count91
\@IEEEsubeqnnumrollback=\count92
\@IEEEquantizeheightA=\dimen120
\@IEEEquantizeheightB=\dimen121
\@IEEEquantizeheightC=\dimen122
\@IEEEquantizeprevdepth=\dimen123
\@IEEEquantizemultiple=\count93
\@IEEEquantizeboxA=\box27
\@IEEEtmpitemindent=\dimen124
\IEEEPARstartletwidth=\dimen125
\c@IEEEbiography=\count94
\@IEEEtranrubishbin=\box28
) (/usr/local/texlive/2019/texmf-dist/tex/latex/base/inputenc.sty
Package: inputenc 2018/08/11 v1.3c Input encoding file
\inpenc@prehook=\toks15
\inpenc@posthook=\toks16
)
(/usr/local/texlive/2019/texmf-dist/tex/generic/babel/babel.sty
Package: babel 2019/05/04 3.31 The Babel package

(/usr/local/texlive/2019/texmf-dist/tex/generic/babel/switch.def
File: switch.def 2019/05/04 3.31 Babel switching mechanism
)
(/usr/local/texlive/2019/texmf-dist/tex/generic/babel-spanish/spanish.ldf
Language: spanish.ldf 2016/03/03 v5.0p Spanish support from the babel system

(/usr/local/texlive/2019/texmf-dist/tex/generic/babel/babel.def
File: babel.def 2019/05/04 3.31 Babel common definitions
\babel@savecnt=\count95
\U@D=\dimen126

(/usr/local/texlive/2019/texmf-dist/tex/generic/babel/txtbabel.def)
\bbl@dirlevel=\count96
)
\es@quottoks=\toks17
\es@quotdepth=\count97
Package babel Info: Making " an active character on input line 561.
Package babel Info: Making . an active character on input line 662.
Package babel Info: Making < an active character on input line 707.
Package babel Info: Making > an active character on input line 707.
))
(/usr/local/texlive/2019/texmf-dist/tex/latex/amsmath/amsmath.sty
Package: amsmath 2018/12/01 v2.17b AMS math features
\@mathmargin=\skip44

For additional information on amsmath, use the `?' option.
(/usr/local/texlive/2019/texmf-dist/tex/latex/amsmath/amstext.sty
Package: amstext 2000/06/29 v2.01 AMS text

(/usr/local/texlive/2019/texmf-dist/tex/latex/amsmath/amsgen.sty
File: amsgen.sty 1999/11/30 v2.0 generic functions
\@emptytoks=\toks18
\ex@=\dimen127
))
(/usr/local/texlive/2019/texmf-dist/tex/latex/amsmath/amsbsy.sty
Package: amsbsy 1999/11/29 v1.2d Bold Symbols
\pmbraise@=\dimen128
)
(/usr/local/texlive/2019/texmf-dist/tex/latex/amsmath/amsopn.sty
Package: amsopn 2016/03/08 v2.02 operator names
)
\inf@bad=\count98
LaTeX Info: Redefining \frac on input line 223.
\uproot@=\count99
\leftroot@=\count100
LaTeX Info: Redefining \overline on input line 385.
\classnum@=\count101
\DOTSCASE@=\count102
LaTeX Info: Redefining \ldots on input line 482.
LaTeX Info: Redefining \dots on input line 485.
LaTeX Info: Redefining \cdots on input line 606.
\Mathstrutbox@=\box29
\strutbox@=\box30
\big@size=\dimen129
LaTeX Font Info:    Redeclaring font encoding OML on input line 729.
LaTeX Font Info:    Redeclaring font encoding OMS on input line 730.
\macc@depth=\count103
\c@MaxMatrixCols=\count104
\dotsspace@=\muskip10
\c@parentequation=\count105
\dspbrk@lvl=\count106
\tag@help=\toks19
\row@=\count107
\column@=\count108
\maxfields@=\count109
\andhelp@=\toks20
\eqnshift@=\dimen130
\alignsep@=\dimen131
\tagshift@=\dimen132
\tagwidth@=\dimen133
\totwidth@=\dimen134
\lineht@=\dimen135
\@envbody=\toks21
\multlinegap=\skip45
\multlinetaggap=\skip46
\mathdisplay@stack=\toks22
LaTeX Info: Redefining \[ on input line 2844.
LaTeX Info: Redefining \] on input line 2845.
)
(/usr/local/texlive/2019/texmf-dist/tex/latex/amsfonts/amsfonts.sty
Package: amsfonts 2013/01/14 v3.01 Basic AMSFonts support
\symAMSa=\mathgroup4
\symAMSb=\mathgroup5
LaTeX Font Info:    Overwriting math alphabet `\mathfrak' in version `bold'
(Font)                  U/euf/m/n --> U/euf/b/n on input line 106.
)
(/usr/local/texlive/2019/texmf-dist/tex/latex/amsfonts/amssymb.sty
Package: amssymb 2013/01/14 v3.01 AMS font symbols
)
(/usr/local/texlive/2019/texmf-dist/tex/latex/graphics/graphicx.sty
Package: graphicx 2017/06/01 v1.1a Enhanced LaTeX Graphics (DPC,SPQR)

(/usr/local/texlive/2019/texmf-dist/tex/latex/graphics/keyval.sty
Package: keyval 2014/10/28 v1.15 key=value parser (DPC)
\KV@toks@=\toks23
)
(/usr/local/texlive/2019/texmf-dist/tex/latex/graphics/graphics.sty
Package: graphics 2017/06/25 v1.2c Standard LaTeX Graphics (DPC,SPQR)

(/usr/local/texlive/2019/texmf-dist/tex/latex/graphics/trig.sty
Package: trig 2016/01/03 v1.10 sin cos tan (DPC)
)
(/usr/local/texlive/2019/texmf-dist/tex/latex/graphics-cfg/graphics.cfg
File: graphics.cfg 2016/06/04 v1.11 sample graphics configuration
)
Package graphics Info: Driver file: pdftex.def on input line 99.

(/usr/local/texlive/2019/texmf-dist/tex/latex/graphics-def/pdftex.def
File: pdftex.def 2018/01/08 v1.0l Graphics/color driver for pdftex
))
\Gin@req@height=\dimen136
\Gin@req@width=\dimen137
)
(/usr/local/texlive/2019/texmf-dist/tex/latex/geometry/geometry.sty
Package: geometry 2018/04/16 v5.8 Page Geometry

(/usr/local/texlive/2019/texmf-dist/tex/generic/oberdiek/ifpdf.sty
Package: ifpdf 2018/09/07 v3.3 Provides the ifpdf switch
)
(/usr/local/texlive/2019/texmf-dist/tex/generic/oberdiek/ifvtex.sty
Package: ifvtex 2016/05/16 v1.6 Detect VTeX and its facilities (HO)
Package ifvtex Info: VTeX not detected.
)
(/usr/local/texlive/2019/texmf-dist/tex/generic/ifxetex/ifxetex.sty
Package: ifxetex 2010/09/12 v0.6 Provides ifxetex conditional
)
\Gm@cnth=\count110
\Gm@cntv=\count111
\c@Gm@tempcnt=\count112
\Gm@bindingoffset=\dimen138
\Gm@wd@mp=\dimen139
\Gm@odd@mp=\dimen140
\Gm@even@mp=\dimen141
\Gm@layoutwidth=\dimen142
\Gm@layoutheight=\dimen143
\Gm@layouthoffset=\dimen144
\Gm@layoutvoffset=\dimen145
\Gm@dimlist=\toks24
)
(/usr/local/texlive/2019/texmf-dist/tex/latex/float/float.sty
Package: float 2001/11/08 v1.3d Float enhancements (AL)
\c@float@type=\count113
\float@exts=\toks25
\float@box=\box31
\@float@everytoks=\toks26
\@floatcapt=\box32
) (./Articulo.aux
LaTeX Info: Redefining \. on input line 6.
LaTeX Info: Redefining \% on input line 6.
)
\openout1 = `Articulo.aux'.

LaTeX Font Info:    Checking defaults for OML/cmm/m/it on input line 17.
LaTeX Font Info:    ... okay on input line 17.
LaTeX Font Info:    Checking defaults for T1/cmr/m/n on input line 17.
LaTeX Font Info:    ... okay on input line 17.
LaTeX Font Info:    Checking defaults for OT1/cmr/m/n on input line 17.
LaTeX Font Info:    ... okay on input line 17.
LaTeX Font Info:    Checking defaults for OMS/cmsy/m/n on input line 17.
LaTeX Font Info:    ... okay on input line 17.
LaTeX Font Info:    Checking defaults for OMX/cmex/m/n on input line 17.
LaTeX Font Info:    ... okay on input line 17.
LaTeX Font Info:    Checking defaults for U/cmr/m/n on input line 17.
LaTeX Font Info:    ... okay on input line 17.
-- Lines per column: 56 (approximate, difference = 9.15898pt).
LaTeX Info: Redefining \. on input line 17.
LaTeX Info: Redefining \% on input line 17.
(/usr/local/texlive/2019/texmf-dist/tex/context/base/mkii/supp-pdf.mkii
[Loading MPS to PDF converter (version 2006.09.02).]
\scratchcounter=\count114
\scratchdimen=\dimen146
\scratchbox=\box33
\nofMPsegments=\count115
\nofMParguments=\count116
\everyMPshowfont=\toks27
\MPscratchCnt=\count117
\MPscratchDim=\dimen147
\MPnumerator=\count118
\makeMPintoPDFobject=\count119
\everyMPtoPDFconversion=\toks28
) (/usr/local/texlive/2019/texmf-dist/tex/latex/oberdiek/epstopdf-base.sty
Package: epstopdf-base 2016/05/15 v2.6 Base part for package epstopdf

(/usr/local/texlive/2019/texmf-dist/tex/generic/oberdiek/infwarerr.sty
Package: infwarerr 2016/05/16 v1.4 Providing info/warning/error messages (HO)
)
(/usr/local/texlive/2019/texmf-dist/tex/latex/oberdiek/grfext.sty
Package: grfext 2016/05/16 v1.2 Manage graphics extensions (HO)

(/usr/local/texlive/2019/texmf-dist/tex/generic/oberdiek/kvdefinekeys.sty
Package: kvdefinekeys 2016/05/16 v1.4 Define keys (HO)

(/usr/local/texlive/2019/texmf-dist/tex/generic/oberdiek/ltxcmds.sty
Package: ltxcmds 2016/05/16 v1.23 LaTeX kernel commands for general use (HO)
)))
(/usr/local/texlive/2019/texmf-dist/tex/latex/oberdiek/kvoptions.sty
Package: kvoptions 2016/05/16 v3.12 Key value format for package options (HO)

(/usr/local/texlive/2019/texmf-dist/tex/generic/oberdiek/kvsetkeys.sty
Package: kvsetkeys 2016/05/16 v1.17 Key value parser (HO)

(/usr/local/texlive/2019/texmf-dist/tex/generic/oberdiek/etexcmds.sty
Package: etexcmds 2016/05/16 v1.6 Avoid name clashes with e-TeX commands (HO)

(/usr/local/texlive/2019/texmf-dist/tex/generic/oberdiek/ifluatex.sty
Package: ifluatex 2016/05/16 v1.4 Provides the ifluatex switch (HO)
Package ifluatex Info: LuaTeX not detected.
))))
(/usr/local/texlive/2019/texmf-dist/tex/generic/oberdiek/pdftexcmds.sty
Package: pdftexcmds 2018/09/10 v0.29 Utility functions of pdfTeX for LuaTeX (HO
)
Package pdftexcmds Info: LuaTeX not detected.
Package pdftexcmds Info: \pdf@primitive is available.
Package pdftexcmds Info: \pdf@ifprimitive is available.
Package pdftexcmds Info: \pdfdraftmode found.
)
Package epstopdf-base Info: Redefining graphics rule for `.eps' on input line 4
38.
Package grfext Info: Graphics extension search list:
(grfext)             [.pdf,.png,.jpg,.mps,.jpeg,.jbig2,.jb2,.PDF,.PNG,.JPG,.JPE
G,.JBIG2,.JB2,.eps]
(grfext)             \AppendGraphicsExtensions on input line 456.

(/usr/local/texlive/2019/texmf-dist/tex/latex/latexconfig/epstopdf-sys.cfg
File: epstopdf-sys.cfg 2010/07/13 v1.3 Configuration of (r)epstopdf for TeX Liv
e
))
*geometry* driver: auto-detecting
*geometry* detected driver: pdftex
*geometry* verbose mode - [ preamble ] result:
* driver: pdftex
* paper: <default>
* layout: <same size as paper>
* layoutoffset:(h,v)=(0.0pt,0.0pt)
* modes: 
* h-part:(L,W,R)=(56.9055pt, 500.484pt, 56.9055pt)
* v-part:(T,H,B)=(56.9055pt, 681.15898pt, 56.9055pt)
* \paperwidth=614.295pt
* \paperheight=794.96999pt
* \textwidth=500.484pt
* \textheight=681.15898pt
* \oddsidemargin=-15.36449pt
* \evensidemargin=-15.36449pt
* \topmargin=-45.9321pt
* \headheight=12.0pt
* \headsep=18.56761pt
* \topskip=12.0pt
* \footskip=40.5821pt
* \marginparwidth=20.0pt
* \marginparsep=10.0pt
* \columnsep=12.0pt
* \skip\footins=10.79993pt plus 4.79993pt minus 2.39996pt
* \hoffset=0.0pt
* \voffset=0.0pt
* \mag=1000
* \@twocolumntrue
* \@twosidefalse
* \@mparswitchfalse
* \@reversemarginfalse
* (1in=72.27pt=25.4mm, 1cm=28.453pt)

<Figuras/reporte.png, id=1, 627.34375pt x 531.9875pt>
File: Figuras/reporte.png Graphic file (type png)
<use Figuras/reporte.png>
Package pdftex.def Info: Figuras/reporte.png  used on input line 21.
(pdftex.def)             Requested size: 501.87567pt x 425.59058pt.

Overfull \hbox (257.63368pt too wide) in paragraph at lines 21--22
 [][] 
 []

[1


 <./Figuras/reporte.png>]
LaTeX Font Info:    Try loading font information for U+msa on input line 51.

(/usr/local/texlive/2019/texmf-dist/tex/latex/amsfonts/umsa.fd
File: umsa.fd 2013/01/14 v3.01 AMS symbols A
)
LaTeX Font Info:    Try loading font information for U+msb on input line 51.

(/usr/local/texlive/2019/texmf-dist/tex/latex/amsfonts/umsb.fd
File: umsb.fd 2013/01/14 v3.01 AMS symbols B
)
<Figuras/perceptron.png, id=9, 750.805pt x 365.365pt>
File: Figuras/perceptron.png Graphic file (type png)
<use Figuras/perceptron.png>
Package pdftex.def Info: Figuras/perceptron.png  used on input line 54.
(pdftex.def)             Requested size: 227.62204pt x 110.76437pt.

Underfull \vbox (badness 10000) has occurred while \output is active []

 [2{/usr/local/texlive/2019/texmf-var/fonts/map/pdftex/updmap/pdftex.map}

]
<Figuras/deeplearning.png, id=16, 679.53876pt x 299.1175pt>
File: Figuras/deeplearning.png Graphic file (type png)
<use Figuras/deeplearning.png>
Package pdftex.def Info: Figuras/deeplearning.png  used on input line 65.
(pdftex.def)             Requested size: 227.62204pt x 100.19243pt.
<Figuras/cnn.png, id=17, 1005.7575pt x 274.02374pt>
File: Figuras/cnn.png Graphic file (type png)
<use Figuras/cnn.png>
Package pdftex.def Info: Figuras/cnn.png  used on input line 76.
(pdftex.def)             Requested size: 227.62204pt x 62.01645pt.
<Figuras/yolo.png, id=18, 733.74126pt x 308.15125pt>
File: Figuras/yolo.png Graphic file (type png)
<use Figuras/yolo.png>
Package pdftex.def Info: Figuras/yolo.png  used on input line 87.
(pdftex.def)             Requested size: 227.62204pt x 95.59172pt.
 [3 <./Figuras/perceptron.png> <./Figuras/deeplearning.png> <./Figuras/cnn.png>
]
<Figuras/poseestimation.jpeg, id=30, 224.84pt x 225.84375pt>
File: Figuras/poseestimation.jpeg Graphic file (type jpg)
<use Figuras/poseestimation.jpeg>
Package pdftex.def Info: Figuras/poseestimation.jpeg  used on input line 100.
(pdftex.def)             Requested size: 227.62204pt x 228.6483pt.
 [4 <./Figuras/yolo.png> <./Figuras/poseestimation.jpeg>]
<Figuras/yolo_salida.png, id=35, 540.0175pt x 302.12875pt>
File: Figuras/yolo_salida.png Graphic file (type png)
<use Figuras/yolo_salida.png>
Package pdftex.def Info: Figuras/yolo_salida.png  used on input line 130.
(pdftex.def)             Requested size: 227.62204pt x 127.34961pt.
<Figuras/pose.png, id=36, 397.485pt x 263.98625pt>
File: Figuras/pose.png Graphic file (type png)
<use Figuras/pose.png>
Package pdftex.def Info: Figuras/pose.png  used on input line 142.
(pdftex.def)             Requested size: 227.62204pt x 151.17863pt.

Underfull \hbox (badness 10000) in paragraph at lines 150--153

 []


Underfull \hbox (badness 10000) in paragraph at lines 153--155

 []

[5 <./Figuras/yolo_salida.png> <./Figuras/pose.png>]
Underfull \hbox (badness 10000) in paragraph at lines 155--158

 []


Underfull \hbox (badness 1762) in paragraph at lines 155--158
\OT1/ptm/m/n/10 se-mi-su-ma de los va-lo-res de las abs-ci-sas de las
 []

<Figuras/recorrido.png, id=42, 600.2425pt x 336.25626pt>
File: Figuras/recorrido.png Graphic file (type png)
<use Figuras/recorrido.png>
Package pdftex.def Info: Figuras/recorrido.png  used on input line 161.
(pdftex.def)             Requested size: 227.62204pt x 127.51189pt.
<../Recursos/video1/video1_yolo_output_heatmap.jpg, id=43, 358.4592pt x 201.633
3pt>
File: ../Recursos/video1/video1_yolo_output_heatmap.jpg Graphic file (type jpg)

<use ../Recursos/video1/video1_yolo_output_heatmap.jpg>
Package pdftex.def Info: ../Recursos/video1/video1_yolo_output_heatmap.jpg  use
d on input line 170.
(pdftex.def)             Requested size: 227.62204pt x 128.03879pt.
<../Recursos/video1/video1_yolo_heatmap.png, id=44, 677.53125pt x 380.42125pt>
File: ../Recursos/video1/video1_yolo_heatmap.png Graphic file (type png)
<use ../Recursos/video1/video1_yolo_heatmap.png>
Package pdftex.def Info: ../Recursos/video1/video1_yolo_heatmap.png  used on in
put line 179.
(pdftex.def)             Requested size: 227.62204pt x 127.80324pt.

Underfull \hbox (badness 1460) in paragraph at lines 184--187
\OT1/ptm/m/n/10 se pue-da vi-sua-li-zar el cua-dro que con-tie-ne a la
 []


Underfull \hbox (badness 10000) in paragraph at lines 184--187

 []


Underfull \hbox (badness 10000) in paragraph at lines 184--187

 []

<../Recursos/video3/frame_2_0_result.jpg, id=45, 1284.8pt x 722.7pt>
File: ../Recursos/video3/frame_2_0_result.jpg Graphic file (type jpg)
<use ../Recursos/video3/frame_2_0_result.jpg>
Package pdftex.def Info: ../Recursos/video3/frame_2_0_result.jpg  used on input
 line 190.
(pdftex.def)             Requested size: 227.62204pt x 128.02927pt.
<../Recursos/video3/frame_2_1_result.jpg, id=46, 1284.8pt x 722.7pt>
File: ../Recursos/video3/frame_2_1_result.jpg Graphic file (type jpg)
<use ../Recursos/video3/frame_2_1_result.jpg>
Package pdftex.def Info: ../Recursos/video3/frame_2_1_result.jpg  used on input
 line 197.
(pdftex.def)             Requested size: 227.62204pt x 128.02927pt.

Underfull \hbox (badness 10000) in paragraph at lines 202--204

 []

[6 <./Figuras/recorrido.png> <../Recursos/video1/video1_yolo_output_heatmap.jpg
> <../Recursos/video1/video1_yolo_heatmap.png> <../Recursos/video3/frame_2_0_re
sult.jpg>]
<Figuras/keypoints.png, id=52, 1152.305pt x 644.4075pt>
File: Figuras/keypoints.png Graphic file (type png)
<use Figuras/keypoints.png>
Package pdftex.def Info: Figuras/keypoints.png  used on input line 208.
(pdftex.def)             Requested size: 227.62204pt x 127.28629pt.


LaTeX Warning: Command \textordmasculine invalid in math mode on input line 215
.


LaTeX Warning: Command \textordmasculine invalid in math mode on input line 215
.


LaTeX Warning: Command \textordmasculine invalid in math mode on input line 215
.


LaTeX Warning: Command \textordmasculine invalid in math mode on input line 215
.


Underfull \hbox (badness 10000) in paragraph at lines 213--218

 []


Underfull \hbox (badness 1946) in paragraph at lines 213--218
\OT1/ptm/m/n/10 Luego de es-te ta-rea se ha pro-ce-di-do a guar-dar
 []

<../Recursos/video1/video1_hrnet_output_heatmap.jpg, id=53, 358.4592pt x 201.63
33pt>
File: ../Recursos/video1/video1_hrnet_output_heatmap.jpg Graphic file (type jpg
)
<use ../Recursos/video1/video1_hrnet_output_heatmap.jpg>
Package pdftex.def Info: ../Recursos/video1/video1_hrnet_output_heatmap.jpg  us
ed on input line 221.
(pdftex.def)             Requested size: 227.62204pt x 128.03879pt.
<../Recursos/video1/video1_hrnet_heatmap.png, id=54, 677.53125pt x 380.42125pt>

File: ../Recursos/video1/video1_hrnet_heatmap.png Graphic file (type png)
<use ../Recursos/video1/video1_hrnet_heatmap.png>
Package pdftex.def Info: ../Recursos/video1/video1_hrnet_heatmap.png  used on i
nput line 230.
(pdftex.def)             Requested size: 227.62204pt x 127.80324pt.

Underfull \hbox (badness 10000) in paragraph at lines 235--237

 []

[7 <../Recursos/video3/frame_2_1_result.jpg> <./Figuras/keypoints.png> <../Recu
rsos/video1/video1_hrnet_output_heatmap.jpg> <../Recursos/video1/video1_hrnet_h
eatmap.png>]
<Figuras/appweb.png, id=62, 1463.4675pt x 967.615pt>
File: Figuras/appweb.png Graphic file (type png)
<use Figuras/appweb.png>
Package pdftex.def Info: Figuras/appweb.png  used on input line 242.
(pdftex.def)             Requested size: 227.62204pt x 150.49553pt.
<../Recursos/video4/video4_yolo_heatmap.png, id=63, 676.5275pt x 379.4175pt>
File: ../Recursos/video4/video4_yolo_heatmap.png Graphic file (type png)
<use ../Recursos/video4/video4_yolo_heatmap.png>
Package pdftex.def Info: ../Recursos/video4/video4_yolo_heatmap.png  used on in
put line 256.
(pdftex.def)             Requested size: 227.62204pt x 127.65709pt.
<../Recursos/video4/video4_hrnet_heatmap.png, id=64, 675.52374pt x 380.42125pt>

File: ../Recursos/video4/video4_hrnet_heatmap.png Graphic file (type png)
<use ../Recursos/video4/video4_hrnet_heatmap.png>
Package pdftex.def Info: ../Recursos/video4/video4_hrnet_heatmap.png  used on i
nput line 263.
(pdftex.def)             Requested size: 227.62204pt x 128.18636pt.


LaTeX Warning: Citation `fig:video4_yolo_heatmap' on page 8 undefined on input 
line 269.


LaTeX Warning: Citation `fig:video4_hrnet_heatmap' on page 8 undefined on input
 line 269.

(./Articulo.bbl [8 <./Figuras/appweb.png> <../Recursos/video4/video4_yolo_heatm
ap.png> <../Recursos/video4/video4_hrnet_heatmap.png>])

** Conference Paper **
Before submitting the final camera ready copy, remember to:

 1. Manually equalize the lengths of two columns on the last page
 of your paper;

 2. Ensure that any PostScript and/or PDF output post-processing
 uses only Type 1 fonts and that every step in the generation
 process uses the appropriate paper size.

[9

] (./Articulo.aux
LaTeX Info: Redefining \. on input line 6.
LaTeX Info: Redefining \% on input line 6.
)

LaTeX Warning: There were undefined references.

 ) 
Here is how much of TeX's memory you used:
 4800 strings out of 492616
 72409 string characters out of 6129482
 167658 words of memory out of 5000000
 8624 multiletter control sequences out of 15000+600000
 39105 words of font info for 74 fonts, out of 8000000 for 9000
 1141 hyphenation exceptions out of 8191
 41i,7n,31p,2004b,359s stack positions out of 5000i,500n,10000p,200000b,80000s
{/usr/local/texlive/2019/texmf-dist/fonts/enc/dvips/base/8r.enc}</usr/local/t
exlive/2019/texmf-dist/fonts/type1/public/amsfonts/cm/cmex10.pfb></usr/local/te
xlive/2019/texmf-dist/fonts/type1/public/amsfonts/cm/cmmi10.pfb></usr/local/tex
live/2019/texmf-dist/fonts/type1/public/amsfonts/cm/cmmi7.pfb></usr/local/texli
ve/2019/texmf-dist/fonts/type1/public/amsfonts/cm/cmr10.pfb></usr/local/texlive
/2019/texmf-dist/fonts/type1/public/amsfonts/cm/cmr7.pfb></usr/local/texlive/20
19/texmf-dist/fonts/type1/urw/times/utmb8a.pfb></usr/local/texlive/2019/texmf-d
ist/fonts/type1/urw/times/utmbi8a.pfb></usr/local/texlive/2019/texmf-dist/fonts
/type1/urw/times/utmr8a.pfb></usr/local/texlive/2019/texmf-dist/fonts/type1/urw
/times/utmri8a.pfb>
Output written on Articulo.pdf (9 pages, 21571344 bytes).
PDF statistics:
 105 PDF objects out of 1000 (max. 8388607)
 51 compressed objects within 1 object stream
 0 named destinations out of 1000 (max. 500000)
 96 words of extra memory for PDF output out of 10000 (max. 10000000)

